#! /home/mahesh/oss-cad-suite/bin/vvp
:ivl_version "12.0 (devel)" "(s20150603-1352-g831db5a0d)";
:ivl_delay_selection "TYPICAL";
:vpi_time_precision + 0;
:vpi_module "/home/mahesh/oss-cad-suite/lib/ivl/system.vpi";
:vpi_module "/home/mahesh/oss-cad-suite/lib/ivl/vhdl_sys.vpi";
:vpi_module "/home/mahesh/oss-cad-suite/lib/ivl/vhdl_textio.vpi";
:vpi_module "/home/mahesh/oss-cad-suite/lib/ivl/v2005_math.vpi";
:vpi_module "/home/mahesh/oss-cad-suite/lib/ivl/va_math.vpi";
S_0x7fffd50f7990 .scope module, "tb" "tb" 2 11;
 .timescale 0 0;
v0x7fffd51173e0_0 .net "busy", 0 0, L_0x7fffd5117850;  1 drivers
v0x7fffd51174a0_0 .var "clk", 0 0;
v0x7fffd5117540_0 .var "data", 7 0;
v0x7fffd51175e0_0 .var "resetn", 0 0;
v0x7fffd51176b0_0 .var "start_tx", 0 0;
v0x7fffd5117750_0 .net "tx", 0 0, v0x7fffd5117160_0;  1 drivers
E_0x7fffd50f4e90 .event anyedge, v0x7fffd5116920_0;
S_0x7fffd50f7b20 .scope module, "u1" "uart_tx" 2 20, 3 12 0, S_0x7fffd50f7990;
 .timescale 0 0;
    .port_info 0 /INPUT 1 "clk_25mhz";
    .port_info 1 /INPUT 1 "resetn";
    .port_info 2 /INPUT 8 "data";
    .port_info 3 /INPUT 1 "start_tx";
    .port_info 4 /OUTPUT 1 "busy";
    .port_info 5 /OUTPUT 1 "tx";
P_0x7fffd50cd7a0 .param/l "divider" 0 3 35, C4<0100000000000000>;
P_0x7fffd50cd7e0 .param/l "sIDLE" 0 3 48, C4<00>;
P_0x7fffd50cd820 .param/l "sTX" 0 3 49, C4<01>;
L_0x7fa70e180018 .functor BUFT 1, C4<00>, C4<0>, C4<0>, C4<0>;
v0x7fffd50ce1c0_0 .net/2u *"_ivl_0", 1 0, L_0x7fa70e180018;  1 drivers
L_0x7fa70e180060 .functor BUFT 1, C4<1001>, C4<0>, C4<0>, C4<0>;
v0x7fffd51166e0_0 .net/2u *"_ivl_4", 3 0, L_0x7fa70e180060;  1 drivers
v0x7fffd51167c0_0 .var "bclk_stb", 0 0;
v0x7fffd5116860_0 .net "busy", 0 0, L_0x7fffd5117850;  alias, 1 drivers
v0x7fffd5116920_0 .net "clk_25mhz", 0 0, v0x7fffd51174a0_0;  1 drivers
v0x7fffd51169e0_0 .var "clk_counter", 15 0;
v0x7fffd5116ac0_0 .net "data", 7 0, v0x7fffd5117540_0;  1 drivers
v0x7fffd5116ba0_0 .var "data_sr", 9 0;
v0x7fffd5116c80_0 .var "load_data", 0 0;
v0x7fffd5116d40_0 .var "nbits", 3 0;
v0x7fffd5116e20_0 .var "next_state", 1 0;
v0x7fffd5116f00_0 .net "resetn", 0 0, v0x7fffd51175e0_0;  1 drivers
v0x7fffd5116fc0_0 .net "start_tx", 0 0, v0x7fffd51176b0_0;  1 drivers
v0x7fffd5117080_0 .var "state", 1 0;
v0x7fffd5117160_0 .var "tx", 0 0;
v0x7fffd5117220_0 .net "tx_done", 0 0, L_0x7fffd5117990;  1 drivers
E_0x7fffd50e7a20 .event posedge, v0x7fffd5116920_0;
E_0x7fffd50e79e0 .event anyedge, v0x7fffd5117080_0, v0x7fffd5116fc0_0, v0x7fffd5117220_0;
L_0x7fffd5117850 .cmp/ne 2, v0x7fffd5117080_0, L_0x7fa70e180018;
L_0x7fffd5117990 .cmp/eq 4, v0x7fffd5116d40_0, L_0x7fa70e180060;
    .scope S_0x7fffd50f7b20;
T_0 ;
    %wait E_0x7fffd50e7a20;
    %load/vec4 v0x7fffd5116f00_0;
    %nor/r;
    %flag_set/vec4 8;
    %jmp/0xz  T_0.0, 8;
    %pushi/vec4 0, 0, 16;
    %assign/vec4 v0x7fffd51169e0_0, 0;
    %jmp T_0.1;
T_0.0 ;
    %load/vec4 v0x7fffd51169e0_0;
    %pad/u 17;
    %addi 16384, 0, 17;
    %split/vec4 16;
    %assign/vec4 v0x7fffd51169e0_0, 0;
    %assign/vec4 v0x7fffd51167c0_0, 0;
T_0.1 ;
    %jmp T_0;
    .thread T_0;
    .scope S_0x7fffd50f7b20;
T_1 ;
    %wait E_0x7fffd50e79e0;
    %pushi/vec4 0, 0, 2;
    %store/vec4 v0x7fffd5116e20_0, 0, 2;
    %pushi/vec4 0, 0, 1;
    %store/vec4 v0x7fffd5116c80_0, 0, 1;
    %load/vec4 v0x7fffd5117080_0;
    %dup/vec4;
    %pushi/vec4 0, 0, 2;
    %cmp/u;
    %jmp/1 T_1.0, 6;
    %dup/vec4;
    %pushi/vec4 1, 0, 2;
    %cmp/u;
    %jmp/1 T_1.1, 6;
    %pushi/vec4 0, 0, 2;
    %store/vec4 v0x7fffd5116e20_0, 0, 2;
    %jmp T_1.3;
T_1.0 ;
    %load/vec4 v0x7fffd5116fc0_0;
    %flag_set/vec4 8;
    %jmp/0xz  T_1.4, 8;
    %pushi/vec4 1, 0, 2;
    %store/vec4 v0x7fffd5116e20_0, 0, 2;
    %pushi/vec4 1, 0, 1;
    %store/vec4 v0x7fffd5116c80_0, 0, 1;
    %jmp T_1.5;
T_1.4 ;
    %pushi/vec4 0, 0, 2;
    %store/vec4 v0x7fffd5116e20_0, 0, 2;
    %pushi/vec4 0, 0, 1;
    %store/vec4 v0x7fffd5116c80_0, 0, 1;
T_1.5 ;
    %jmp T_1.3;
T_1.1 ;
    %load/vec4 v0x7fffd5117220_0;
    %flag_set/vec4 8;
    %jmp/0xz  T_1.6, 8;
    %pushi/vec4 0, 0, 2;
    %store/vec4 v0x7fffd5116e20_0, 0, 2;
    %jmp T_1.7;
T_1.6 ;
    %pushi/vec4 1, 0, 2;
    %store/vec4 v0x7fffd5116e20_0, 0, 2;
T_1.7 ;
    %jmp T_1.3;
T_1.3 ;
    %pop/vec4 1;
    %jmp T_1;
    .thread T_1, $push;
    .scope S_0x7fffd50f7b20;
T_2 ;
    %wait E_0x7fffd50e7a20;
    %load/vec4 v0x7fffd5116f00_0;
    %nor/r;
    %flag_set/vec4 8;
    %jmp/0xz  T_2.0, 8;
    %pushi/vec4 0, 0, 2;
    %assign/vec4 v0x7fffd5117080_0, 0;
    %jmp T_2.1;
T_2.0 ;
    %load/vec4 v0x7fffd5116e20_0;
    %assign/vec4 v0x7fffd5117080_0, 0;
T_2.1 ;
    %jmp T_2;
    .thread T_2;
    .scope S_0x7fffd50f7b20;
T_3 ;
    %wait E_0x7fffd50e7a20;
    %load/vec4 v0x7fffd5116f00_0;
    %nor/r;
    %flag_set/vec4 8;
    %jmp/0xz  T_3.0, 8;
    %pushi/vec4 0, 0, 4;
    %assign/vec4 v0x7fffd5116d40_0, 0;
    %pushi/vec4 1023, 0, 10;
    %assign/vec4 v0x7fffd5116ba0_0, 0;
    %pushi/vec4 1, 0, 1;
    %assign/vec4 v0x7fffd5117160_0, 0;
    %jmp T_3.1;
T_3.0 ;
    %load/vec4 v0x7fffd5117080_0;
    %dup/vec4;
    %pushi/vec4 0, 0, 2;
    %cmp/u;
    %jmp/1 T_3.2, 6;
    %dup/vec4;
    %pushi/vec4 1, 0, 2;
    %cmp/u;
    %jmp/1 T_3.3, 6;
    %pushi/vec4 0, 0, 4;
    %assign/vec4 v0x7fffd5116d40_0, 0;
    %jmp T_3.5;
T_3.2 ;
    %load/vec4 v0x7fffd5116c80_0;
    %flag_set/vec4 8;
    %jmp/0xz  T_3.6, 8;
    %pushi/vec4 1, 0, 1;
    %load/vec4 v0x7fffd5116ac0_0;
    %concat/vec4; draw_concat_vec4
    %concati/vec4 0, 0, 1;
    %assign/vec4 v0x7fffd5116ba0_0, 0;
    %pushi/vec4 0, 0, 4;
    %assign/vec4 v0x7fffd5116d40_0, 0;
T_3.6 ;
    %jmp T_3.5;
T_3.3 ;
    %load/vec4 v0x7fffd51167c0_0;
    %flag_set/vec4 8;
    %jmp/0xz  T_3.8, 8;
    %load/vec4 v0x7fffd5116d40_0;
    %cmpi/u 10, 0, 4;
    %jmp/0xz  T_3.10, 5;
    %load/vec4 v0x7fffd5116ba0_0;
    %parti/s 1, 0, 2;
    %assign/vec4 v0x7fffd5117160_0, 0;
    %pushi/vec4 1, 0, 1;
    %load/vec4 v0x7fffd5116ba0_0;
    %parti/s 9, 1, 2;
    %concat/vec4; draw_concat_vec4
    %assign/vec4 v0x7fffd5116ba0_0, 0;
    %load/vec4 v0x7fffd5116d40_0;
    %addi 1, 0, 4;
    %assign/vec4 v0x7fffd5116d40_0, 0;
T_3.10 ;
T_3.8 ;
    %jmp T_3.5;
T_3.5 ;
    %pop/vec4 1;
T_3.1 ;
    %jmp T_3;
    .thread T_3;
    .scope S_0x7fffd50f7990;
T_4 ;
    %pushi/vec4 0, 0, 1;
    %store/vec4 v0x7fffd51174a0_0, 0, 1;
    %pushi/vec4 171, 0, 8;
    %store/vec4 v0x7fffd5117540_0, 0, 8;
    %pushi/vec4 1, 0, 1;
    %store/vec4 v0x7fffd51175e0_0, 0, 1;
    %delay 4, 0;
    %pushi/vec4 0, 0, 1;
    %store/vec4 v0x7fffd51175e0_0, 0, 1;
    %delay 4, 0;
    %pushi/vec4 1, 0, 1;
    %store/vec4 v0x7fffd51175e0_0, 0, 1;
    %pushi/vec4 1, 0, 1;
    %store/vec4 v0x7fffd51176b0_0, 0, 1;
    %end;
    .thread T_4;
    .scope S_0x7fffd50f7990;
T_5 ;
    %wait E_0x7fffd50f4e90;
    %delay 1, 0;
    %load/vec4 v0x7fffd51174a0_0;
    %inv;
    %assign/vec4 v0x7fffd51174a0_0, 0;
    %jmp T_5;
    .thread T_5, $push;
    .scope S_0x7fffd50f7990;
T_6 ;
    %vpi_call 2 64 "$dumpfile", "testbench.vcd" {0 0 0};
    %vpi_call 2 65 "$dumpvars" {0 0 0};
    %delay 10000, 0;
    %vpi_call 2 67 "$finish" {0 0 0};
    %end;
    .thread T_6;
# The file index is used to find the file name in the following table.
:file_names 4;
    "N/A";
    "<interactive>";
    "testbench.v";
    "uart_tx.v";
